<?xml version="1.0" encoding="UTF-8"?>
<!-- Generated by org.testng.reporters.JUnitReportReporter -->
<testsuite hostname="DESKTOP-E8QVB9H" failures="0" tests="1" name="clothingStore.Raymond" time="19.434" errors="0" timestamp="2023-08-09T10:31:02 PDT" skipped="0">
  <testcase classname="clothingStore.Raymond" name="RaymondTest" time="19.434">
    <system-out>
      <![CDATA[opening Raymond]]>
    </system-out>
  </testcase> <!-- RaymondTest -->
  <system-out>
    <![CDATA[opening Raymond]]>
  </system-out>
</testsuite> <!-- clothingStore.Raymond -->
